<?xml version="1.0" encoding="UTF-8"?>
<testng-results ignored="0" total="1" passed="1" failed="0" skipped="0">
  <reporter-output>
  </reporter-output>
  <suite started-at="2023-11-01T11:11:55 IST" name="Default suite" finished-at="2023-11-01T11:12:10 IST" duration-ms="15084">
    <groups>
    </groups>
    <test started-at="2023-11-01T11:11:55 IST" name="Default test" finished-at="2023-11-01T11:12:10 IST" duration-ms="15084">
      <class name="Testcase.TC_logintest_01">
        <test-method is-config="true" signature="initilize()[pri:0, instance:Testcase.TC_logintest_01@12468a38]" started-at="2023-11-01T11:11:55 IST" name="initilize" finished-at="2023-11-01T11:12:03 IST" duration-ms="7916" status="PASS">
          <reporter-output>
          </reporter-output>
        </test-method> <!-- initilize -->
        <test-method signature="test()[pri:0, instance:Testcase.TC_logintest_01@12468a38]" started-at="2023-11-01T11:12:03 IST" name="test" finished-at="2023-11-01T11:12:10 IST" duration-ms="7108" status="PASS">
          <reporter-output>
          </reporter-output>
        </test-method> <!-- test -->
      </class> <!-- Testcase.TC_logintest_01 -->
    </test> <!-- Default test -->
  </suite> <!-- Default suite -->
</testng-results>
